/ihome/pbrusilosky/rum20/packages/anaconda3/bin/python -m dialogue.classify.task_runner -experiment_mode continuous_feature_selection -selected_feature_set_id 15 -selected_context_id 0 -k_feature_to_keep 7
Traceback (most recent call last):
  File "/ihome/pbrusilosky/rum20/packages/anaconda3/lib/python3.6/runpy.py", line 193, in _run_module_as_main
    "__main__", mod_spec)
  File "/ihome/pbrusilosky/rum20/packages/anaconda3/lib/python3.6/runpy.py", line 85, in _run_code
    exec(code, run_globals)
  File "/zfs1/pbrusilovsky/rum20/y_classify/dialogue/classify/task_runner.py", line 220, in <module>
    worker(q, data_dict, opt)
  File "/zfs1/pbrusilovsky/rum20/y_classify/dialogue/classify/task_runner.py", line 151, in worker
    config  = configuration.load_batch_config(param)
  File "/zfs1/pbrusilovsky/rum20/y_classify/dialogue/classify/configuration.py", line 373, in load_batch_config
    os.makedirs(param['experiment_path'])
  File "/ihome/pbrusilosky/rum20/packages/anaconda3/lib/python3.6/os.py", line 220, in makedirs
    mkdir(name, mode)
FileExistsError: [Errno 17] File exists: '/zfs1/pbrusilovsky/rum20/y_classify/output/20180221-133758.continuous_feature_selection.pca_component=-1.feature_number=7.context=next.feature=15-[5+1.2.3.4].similarity=false'
No. of param settings = 1
[('experiment_mode', 'continuous_feature_selection'), ('deep_model', False), ('selected_context_id', 0), ('selected_feature_set_id', 15), ('similarity_feature', False), ('k_feature_to_keep', 7), ('k_component_for_pca', -1)]
Loading extracted features of dstc2
Loading extracted features of dstc3
Loading extracted features of family
Loading extracted features of ghome
srun: error: smp-n3: task 0: Exited with exit code 1
