/ihome/pbrusilosky/rum20/packages/anaconda3/bin/python -m dialogue.classify.task_runner -experiment_mode continuous_feature_selection -selected_feature_set_id 11 -add_similarity_feature -selected_context_id 0 -k_feature_to_keep 8 -k_component_for_pca 7
Traceback (most recent call last):
  File "/ihome/pbrusilosky/rum20/packages/anaconda3/lib/python3.6/runpy.py", line 193, in _run_module_as_main
    "__main__", mod_spec)
  File "/ihome/pbrusilosky/rum20/packages/anaconda3/lib/python3.6/runpy.py", line 85, in _run_code
    exec(code, run_globals)
  File "/ihome/pbrusilosky/rum20/y_classify/dialogue/classify/task_runner.py", line 213, in <module>
    worker(q, data_dict, opt)
  File "/ihome/pbrusilosky/rum20/y_classify/dialogue/classify/task_runner.py", line 147, in worker
    config  = configuration.load_batch_config(param)
  File "/ihome/pbrusilosky/rum20/y_classify/dialogue/classify/configuration.py", line 363, in load_batch_config
    os.makedirs(param['experiment_path'])
  File "/ihome/pbrusilosky/rum20/packages/anaconda3/lib/python3.6/os.py", line 220, in makedirs
    mkdir(name, mode)
FileExistsError: [Errno 17] File exists: '/ihome/pbrusilosky/rum20/y_classify/output/20180105-115200.continuous_feature_selection.feature_number=8.context=next.feature=11-[6+1.3.4].similarity=true'
No. of param settings = 1
[('experiment_mode', 'continuous_feature_selection'), ('deep_model', False), ('selected_context_id', 0), ('selected_feature_set_id', 11), ('similarity_feature', True), ('k_feature_to_keep', 8)]
srun: error: smp-n11: task 0: Exited with exit code 1
